LOG:  database system was shut down at 2016-04-21 12:13:07 MSK
LOG:  MultiXact member wraparound protections are now enabled
LOG:  database system is ready to accept connections
LOG:  autovacuum launcher started
LOG:  checkpoint starting: immediate force wait flush-all
LOG:  checkpoint complete: wrote 3 buffers (0.0%); 0 transaction log file(s) added, 0 removed, 0 recycled; write=0.000 s, sync=0.000 s, total=0.000 s; sync files=0, longest=0.000 s, average=0.000 s; distance=1 kB, estimate=1 kB
LOG:  checkpoint starting: immediate force wait
LOG:  checkpoint complete: wrote 0 buffers (0.0%); 0 transaction log file(s) added, 0 removed, 0 recycled; write=0.000 s, sync=0.000 s, total=0.000 s; sync files=0, longest=0.000 s, average=0.000 s; distance=0 kB, estimate=1 kB
WARNING:  Ok we find saved plan.
WARNING:  Ok we find saved plan.
WARNING:  Ok we find saved plan.
WARNING:  Invalidate saved plan with query:
		SELECT * FROM test_table WHERE test_attr1 = _p(10);
WARNING:  Invalidate saved plan with query:
		SELECT * FROM test_table WHERE test_attr1 = 10;
LOG:  received fast shutdown request
LOG:  aborting any active transactions
LOG:  autovacuum launcher shutting down
LOG:  shutting down
LOG:  checkpoint starting: shutdown immediate
LOG:  checkpoint complete: wrote 63 buffers (0.4%); 0 transaction log file(s) added, 0 removed, 0 recycled; write=0.000 s, sync=0.000 s, total=0.000 s; sync files=0, longest=0.000 s, average=0.000 s; distance=191 kB, estimate=191 kB
LOG:  database system is shut down
