CREATE EXTENSION hunspell_en_us;
CREATE TABLE table1(name varchar);
INSERT INTO table1 VALUES ('stories'), ('traveled'), ('eaten'),
						('Saturdays'), ('healthcare'), ('generally'),
						('integrating'), ('lankiness'), ('rewritten');
SELECT ts_lexize('public.english_hunspell', name) FROM table1;
     ts_lexize     
-------------------
 {story}
 {traveled,travel}
 {eaten,eat}
 {saturday}
 {healthcare}
 {general}
 {integrate}
 {lankiness,lanky}
 {written}
(9 rows)

CREATE INDEX name_idx ON table1 USING GIN (to_tsvector('public.english', "name"));
SELECT d.* FROM table1 AS t, LATERAL ts_debug('public.english', t.name) AS d;
   alias   |   description   |    token    |          dictionaries           |    dictionary    |      lexemes      
-----------+-----------------+-------------+---------------------------------+------------------+-------------------
 asciiword | Word, all ASCII | stories     | {english_hunspell,english_stem} | english_hunspell | {story}
 asciiword | Word, all ASCII | traveled    | {english_hunspell,english_stem} | english_hunspell | {traveled,travel}
 asciiword | Word, all ASCII | eaten       | {english_hunspell,english_stem} | english_hunspell | {eaten,eat}
 asciiword | Word, all ASCII | Saturdays   | {english_hunspell,english_stem} | english_hunspell | {saturday}
 asciiword | Word, all ASCII | healthcare  | {english_hunspell,english_stem} | english_hunspell | {healthcare}
 asciiword | Word, all ASCII | generally   | {english_hunspell,english_stem} | english_hunspell | {general}
 asciiword | Word, all ASCII | integrating | {english_hunspell,english_stem} | english_hunspell | {integrate}
 asciiword | Word, all ASCII | lankiness   | {english_hunspell,english_stem} | english_hunspell | {lankiness,lanky}
 asciiword | Word, all ASCII | rewritten   | {english_hunspell,english_stem} | english_hunspell | {written}
(9 rows)

DROP INDEX name_idx;
CREATE INDEX name_idx ON table1 USING GIST (to_tsvector('public.english', "name"));
SELECT d.* FROM table1 AS t, LATERAL ts_debug('public.english', t.name) AS d;
   alias   |   description   |    token    |          dictionaries           |    dictionary    |      lexemes      
-----------+-----------------+-------------+---------------------------------+------------------+-------------------
 asciiword | Word, all ASCII | stories     | {english_hunspell,english_stem} | english_hunspell | {story}
 asciiword | Word, all ASCII | traveled    | {english_hunspell,english_stem} | english_hunspell | {traveled,travel}
 asciiword | Word, all ASCII | eaten       | {english_hunspell,english_stem} | english_hunspell | {eaten,eat}
 asciiword | Word, all ASCII | Saturdays   | {english_hunspell,english_stem} | english_hunspell | {saturday}
 asciiword | Word, all ASCII | healthcare  | {english_hunspell,english_stem} | english_hunspell | {healthcare}
 asciiword | Word, all ASCII | generally   | {english_hunspell,english_stem} | english_hunspell | {general}
 asciiword | Word, all ASCII | integrating | {english_hunspell,english_stem} | english_hunspell | {integrate}
 asciiword | Word, all ASCII | lankiness   | {english_hunspell,english_stem} | english_hunspell | {lankiness,lanky}
 asciiword | Word, all ASCII | rewritten   | {english_hunspell,english_stem} | english_hunspell | {written}
(9 rows)

