LOG:  database system was shut down at 2016-02-25 10:40:35 MSK
LOG:  MultiXact member wraparound protections are now enabled
LOG:  database system is ready to accept connections
LOG:  autovacuum launcher started
LOG:  checkpoint starting: immediate force wait flush-all
LOG:  checkpoint complete: wrote 3 buffers (0.0%); 0 transaction log file(s) added, 0 removed, 0 recycled; write=0.000 s, sync=0.000 s, total=0.000 s; sync files=0, longest=0.000 s, average=0.000 s; distance=1 kB, estimate=1 kB
LOG:  checkpoint starting: immediate force wait
LOG:  checkpoint complete: wrote 0 buffers (0.0%); 0 transaction log file(s) added, 0 removed, 0 recycled; write=0.000 s, sync=0.000 s, total=0.000 s; sync files=0, longest=0.000 s, average=0.000 s; distance=0 kB, estimate=1 kB
ERROR:  bad jsquery representation at character 8
DETAIL:  syntax error, unexpected STRING_P at or near """
STATEMENT:  select '* < 13 AND #.zxc"x" = "true"'::jsquery;
ERROR:  unsupported Unicode escape sequence at character 8
DETAIL:  \u0000 cannot be converted to text.
STATEMENT:  select 'a\r = "\u0000"'::jsquery;
ERROR:  unsupported Unicode escape sequence at character 8
DETAIL:  \u0000 cannot be converted to text.
STATEMENT:  select 'a\r = \u0000'::jsquery;
ERROR:  bad jsquery representation at character 8
DETAIL:  Escape sequence is invalid at or near "\a"
STATEMENT:  select 'a\r = "\abcd"'::jsquery AS err;
ERROR:  unsupported Unicode escape sequence at character 8
DETAIL:  \u0000 cannot be converted to text.
STATEMENT:  select 'a\r = "x\u0000"'::jsquery;
ERROR:  unsupported Unicode escape sequence at character 8
DETAIL:  \u0000 cannot be converted to text.
STATEMENT:  select 'a\r = x\u0000'::jsquery;
ERROR:  bad jsquery representation at character 8
DETAIL:  Escape sequence is invalid at or near "\a"
STATEMENT:  select 'a\r = "x\abcd"'::jsquery AS err;
ERROR:  unsupported Unicode escape sequence at character 8
DETAIL:  \u0000 cannot be converted to text.
STATEMENT:  select 'a\r = "x\u0000x"'::jsquery;
ERROR:  unsupported Unicode escape sequence at character 8
DETAIL:  \u0000 cannot be converted to text.
STATEMENT:  select 'a\r = x\u0000x'::jsquery;
ERROR:  bad jsquery representation at character 8
DETAIL:  Escape sequence is invalid at or near "\a"
STATEMENT:  select 'a\r = "x\abcdx"'::jsquery AS err;
ERROR:  unsupported Unicode escape sequence at character 8
DETAIL:  \u0000 cannot be converted to text.
STATEMENT:  select 'a\r = "\u0000x"'::jsquery;
ERROR:  unsupported Unicode escape sequence at character 8
DETAIL:  \u0000 cannot be converted to text.
STATEMENT:  select 'a\r = \u0000x'::jsquery;
ERROR:  bad jsquery representation at character 8
DETAIL:  Escape sequence is invalid at or near "\a"
STATEMENT:  select 'a\r = "\abcdx"'::jsquery AS err;
ERROR:  bad jsquery representation at character 8
DETAIL:  syntax error, unexpected STRING_P, expecting $end at or near """
STATEMENT:  select 'a\r = x"\\abcd"'::jsquery AS err;
ERROR:  bad jsquery representation at character 8
DETAIL:  syntax error, unexpected HINT_P at or near "*/"
STATEMENT:  select 'a = /*-- noindex */ 5'::jsquery;
ERROR:  Array length should be last in path at character 8
STATEMENT:  select 'a.@#.a = 4'::jsquery as error;
ERROR:  Array length should be last in path at character 8
STATEMENT:  select 'a.@#.* = 4'::jsquery as error;
ERROR:  Array length should be last in path at character 8
STATEMENT:  select 'a.@#.% = 4'::jsquery as error;
ERROR:  Array length should be last in path at character 8
STATEMENT:  select 'a.@#.# = 4'::jsquery as error;
ERROR:  Array length should be last in path at character 8
STATEMENT:  select 'a.@#.*: = 4'::jsquery as error;
ERROR:  Array length should be last in path at character 8
STATEMENT:  select 'a.@#.%: = 4'::jsquery as error;
ERROR:  Array length should be last in path at character 8
STATEMENT:  select 'a.@#.#: = 4'::jsquery as error;
ERROR:  Array length should be last in path at character 8
STATEMENT:  select 'a.@# (a = 5 or b = 6)'::jsquery as error;
LOG:  received fast shutdown request
LOG:  aborting any active transactions
LOG:  autovacuum launcher shutting down
LOG:  shutting down
LOG:  checkpoint starting: shutdown immediate
LOG:  checkpoint complete: wrote 219 buffers (1.3%); 0 transaction log file(s) added, 0 removed, 0 recycled; write=0.001 s, sync=0.000 s, total=0.001 s; sync files=0, longest=0.000 s, average=0.000 s; distance=2666 kB, estimate=2666 kB
LOG:  database system is shut down
