LOG:  database system was shut down at 2016-04-21 12:12:37 MSK
LOG:  MultiXact member wraparound protections are now enabled
LOG:  database system is ready to accept connections
LOG:  autovacuum launcher started
LOG:  checkpoint starting: immediate force wait flush-all
LOG:  checkpoint complete: wrote 3 buffers (0.0%); 0 transaction log file(s) added, 0 removed, 0 recycled; write=0.000 s, sync=0.000 s, total=0.000 s; sync files=0, longest=0.000 s, average=0.000 s; distance=1 kB, estimate=1 kB
LOG:  checkpoint starting: immediate force wait
LOG:  checkpoint complete: wrote 0 buffers (0.0%); 0 transaction log file(s) added, 0 removed, 0 recycled; write=0.000 s, sync=0.000 s, total=0.000 s; sync files=0, longest=0.000 s, average=0.000 s; distance=0 kB, estimate=1 kB
ERROR:  unrecognized variable "int3"
STATEMENT:  SELECT pgv_get_int('vars', 'int3');
ERROR:  variable "int1" requires "integer" value
STATEMENT:  SELECT pgv_set_text('vars', 'int1', 's101');
ERROR:  variable "str1" requires "text" value
STATEMENT:  SELECT pgv_set_int('vars', 'str1', 101);
ERROR:  unrecognized variable "str3"
STATEMENT:  SELECT pgv_get_text('vars', 'str3');
ERROR:  variable "int1" requires "integer" value
STATEMENT:  SELECT pgv_get_text('vars', 'int1');
ERROR:  variable "str1" requires "text" value
STATEMENT:  SELECT pgv_get_int('vars', 'str1');
ERROR:  variable "str1" requires "text" value
STATEMENT:  SELECT pgv_set_numeric('vars', 'str1', 1.01);
ERROR:  unrecognized variable "num3"
STATEMENT:  SELECT pgv_get_numeric('vars', 'num3');
ERROR:  variable "str1" requires "text" value
STATEMENT:  SELECT pgv_get_numeric('vars', 'str1');
ERROR:  variable "num1" requires "numeric" value
STATEMENT:  SELECT pgv_set_timestamp('vars', 'num1', '2016-03-30 12:00:00');
ERROR:  unrecognized variable "ts3"
STATEMENT:  SELECT pgv_get_timestamp('vars', 'ts3');
ERROR:  variable "num1" requires "numeric" value
STATEMENT:  SELECT pgv_get_timestamp('vars', 'num1');
ERROR:  variable "ts1" requires "timestamp without time zone" value
STATEMENT:  SELECT pgv_set_timestamptz('vars', 'ts1', '2016-03-30 12:00:00 GMT+03');
ERROR:  unrecognized variable "tstz3"
STATEMENT:  SELECT pgv_get_timestamptz('vars', 'tstz3');
ERROR:  variable "ts1" requires "timestamp without time zone" value
STATEMENT:  SELECT pgv_get_timestamptz('vars', 'ts1');
ERROR:  variable "tstz1" requires "timestamp with time zone" value
STATEMENT:  SELECT pgv_set_date('vars', 'tstz1', '2016-04-01');
ERROR:  unrecognized variable "d3"
STATEMENT:  SELECT pgv_get_date('vars', 'd3');
ERROR:  variable "tstz1" requires "timestamp with time zone" value
STATEMENT:  SELECT pgv_get_date('vars', 'tstz1');
ERROR:  variable "d1" requires "date" value
STATEMENT:  SELECT pgv_set_jsonb('vars', 'd1', '[1, 2, "foo", null]');
ERROR:  unrecognized variable "j3"
STATEMENT:  SELECT pgv_get_jsonb('vars2', 'j3');
ERROR:  variable "d1" requires "date" value
STATEMENT:  SELECT pgv_get_jsonb('vars', 'd1');
ERROR:  variable "j1" requires "jsonb" value
STATEMENT:  SELECT pgv_insert('vars2', 'j1', tab) FROM tab;
ERROR:  there is a record in the variable "r1" with same key
STATEMENT:  SELECT pgv_insert('vars3', 'r1', tab) FROM tab;
ERROR:  new record structure differs from variable "r1" structure
STATEMENT:  SELECT pgv_insert('vars3', 'r1', row(1, 'str1', 'str2'));
ERROR:  new record structure differs from variable "r1" structure
STATEMENT:  SELECT pgv_insert('vars3', 'r1', row(1, 1));
ERROR:  new record structure differs from variable "r1" structure
STATEMENT:  SELECT pgv_insert('vars3', 'r1', row('str1', 'str1'));
ERROR:  unrecognized variable "r3"
STATEMENT:  SELECT pgv_select('vars3', 'r3');
ERROR:  variable "j1" requires "jsonb" value
STATEMENT:  SELECT pgv_select('vars2', 'j1');
ERROR:  unrecognized variable "int3"
STATEMENT:  SELECT pgv_remove('vars', 'int3');
ERROR:  unrecognized variable "int1"
STATEMENT:  SELECT pgv_get_int('vars', 'int1');
ERROR:  unrecognized package "vars2"
STATEMENT:  SELECT pgv_get_jsonb('vars2', 'j1');
LOG:  received fast shutdown request
LOG:  aborting any active transactions
LOG:  autovacuum launcher shutting down
LOG:  shutting down
LOG:  checkpoint starting: shutdown immediate
LOG:  checkpoint complete: wrote 53 buffers (0.3%); 0 transaction log file(s) added, 0 removed, 0 recycled; write=0.000 s, sync=0.000 s, total=0.000 s; sync files=0, longest=0.000 s, average=0.000 s; distance=210 kB, estimate=210 kB
LOG:  database system is shut down
